2-6-2024 15:21:41 - log: Load engine in C:\ProgramData\cocos\editors\Creator\3.8.3\resources\resources\3d\engine
2-6-2024 15:21:41 - log: Profile changed: engine (modules.includeModules: 2d,audio,base,gfx-webgl,gfx-webgl2,meshopt,particle-2d,physics-2d-box2d,tween,ui,websocket,websocket-server)
2-6-2024 15:21:41 - log: Register native engine in C:\ProgramData\cocos\editors\Creator\3.8.3\resources\resources\3d\engine\native
2-6-2024 15:21:42 - log: Request namespace: device-list
2-6-2024 15:21:57 - info: [PreviewInEditor] preview process is ready
2-6-2024 15:21:59 - log: [Scene] meshopt wasm decoder initialized
2-6-2024 15:21:59 - log: [Scene] [box2d]:box2d wasm lib loaded.
2-6-2024 15:21:59 - log: [Scene] [bullet]:bullet wasm lib loaded.
2-6-2024 15:22:00 - log: [Scene] [PHYSICS]: using builtin.
2-6-2024 15:22:00 - log: [Scene] Cocos Creator v3.8.3
2-6-2024 15:22:00 - info: [Scene] Forward render pipeline initialized.
2-6-2024 15:22:01 - warn: [Scene] Found possible circular reference in "pack:///chunks/2a/2a9f771bf51c812d4fe1ef3ab59f0875d252c728.js", happened when use "Bird" imported from "./Bird"  Error: 
    at Object.execute (file:///D:/ThanhPhong/FE02/Project-FrontEnd2/temp/programming/packer-driver/targets/editor/chunks/2a/2a9f771bf51c812d4fe1ef3ab59f0875d252c728.js:74:18)
    at doExec (C:\ProgramData\cocos\editors\Creator\3.8.3\resources\app.asar\node_modules\@editor\lib-programming\static\executor\systemjs-bridge\out\index.js:517:30)
    at postOrderExec (C:\ProgramData\cocos\editors\Creator\3.8.3\resources\app.asar\node_modules\@editor\lib-programming\static\executor\systemjs-bridge\out\index.js:508:21)
    at C:\ProgramData\cocos\editors\Creator\3.8.3\resources\app.asar\node_modules\@editor\lib-programming\static\executor\systemjs-bridge\out\index.js:493:28
    at Array.forEach (<anonymous>)
    at postOrderExec (C:\ProgramData\cocos\editors\Creator\3.8.3\resources\app.asar\node_modules\@editor\lib-programming\static\executor\systemjs-bridge\out\index.js:491:10)
    at C:\ProgramData\cocos\editors\Creator\3.8.3\resources\app.asar\node_modules\@editor\lib-programming\static\executor\systemjs-bridge\out\index.js:440:12
    at file:///D:/ThanhPhong/FE02/Project-FrontEnd2/temp/programming/packer-driver/targets/editor/chunks/6d/6d8fd2b0177941b032ddc0733af48a561fb60657.js:13:13
    at Object.execute (file:///D:/ThanhPhong/FE02/Project-FrontEnd2/temp/programming/packer-driver/targets/editor/chunks/6d/6d8fd2b0177941b032ddc0733af48a561fb60657.js:8:7)
    at Executor._importPrerequisiteModules (C:\ProgramData\cocos\editors\Creator\3.8.3\resources\app.asar\node_modules\@editor\lib-programming\src\executor\index.ts:316:13)Error: [Scene] Found possible circular reference in "pack:///chunks/2a/2a9f771bf51c812d4fe1ef3ab59f0875d252c728.js", happened when use "Bird" imported from "./Bird"  Error: 
    at C:\ProgramData\cocos\editors\Creator\3.8.3\resources\app.asar\node_modules\@editor\lib-programming\static\executor\systemjs-bridge\out\index.js:493:28
    at Array.forEach (<anonymous>)
    at postOrderExec (C:\ProgramData\cocos\editors\Creator\3.8.3\resources\app.asar\node_modules\@editor\lib-programming\static\executor\systemjs-bridge\out\index.js:491:10)
    at C:\ProgramData\cocos\editors\Creator\3.8.3\resources\app.asar\node_modules\@editor\lib-programming\static\executor\systemjs-bridge\out\index.js:440:12
    at file:///D:/ThanhPhong/FE02/Project-FrontEnd2/temp/programming/packer-driver/targets/editor/chunks/6d/6d8fd2b0177941b032ddc0733af48a561fb60657.js:13:13
    at Object.execute (file:///D:/ThanhPhong/FE02/Project-FrontEnd2/temp/programming/packer-driver/targets/editor/chunks/6d/6d8fd2b0177941b032ddc0733af48a561fb60657.js:8:7)
    at Executor._importPrerequisiteModules (C:\ProgramData\cocos\editors\Creator\3.8.3\resources\app.asar\node_modules\@editor\lib-programming\src\executor\index.ts:316:13)
    at Logger._logHandler (C:\ProgramData\cocos\editors\Creator\3.8.3\resources\app.asar\builtin\scene\dist\script\3d\manager\startup\log.ccc:1:487)
    at Logger.record (C:\ProgramData\cocos\editors\Creator\3.8.3\resources\app.asar\node_modules\@base\electron-logger\lib\renderer.ccc:1:458)
    at console.warn (C:\ProgramData\cocos\editors\Creator\3.8.3\resources\app.asar\node_modules\@base\electron-logger\lib\renderer.ccc:1:1260)
    at Module.report (file:///D:/ThanhPhong/FE02/Project-FrontEnd2/temp/programming/packer-driver/targets/editor/chunks/6a/6a5019a719a9014c047e67aa1cf34453ab8392ce.js:16:13)
    at _reportPossibleCrUseOfBird (file:///D:/ThanhPhong/FE02/Project-FrontEnd2/temp/programming/packer-driver/targets/editor/chunks/2a/2a9f771bf51c812d4fe1ef3ab59f0875d252c728.js:13:17)
    at Object.execute (file:///D:/ThanhPhong/FE02/Project-FrontEnd2/temp/programming/packer-driver/targets/editor/chunks/2a/2a9f771bf51c812d4fe1ef3ab59f0875d252c728.js:73:42)
    at doExec (C:\ProgramData\cocos\editors\Creator\3.8.3\resources\app.asar\node_modules\@editor\lib-programming\static\executor\systemjs-bridge\out\index.js:517:30)
    at postOrderExec (C:\ProgramData\cocos\editors\Creator\3.8.3\resources\app.asar\node_modules\@editor\lib-programming\static\executor\systemjs-bridge\out\index.js:508:21)
    at C:\ProgramData\cocos\editors\Creator\3.8.3\resources\app.asar\node_modules\@editor\lib-programming\static\executor\systemjs-bridge\out\index.js:493:28
    at Array.forEach (<anonymous>)
2-6-2024 15:22:01 - warn: [Scene] You are explicitly specifying `undefined` type to cc property "bird" of cc class "Game".
Is this intended? If not, this may indicate a circular reference.
For example:

 
// foo.ts
import { _decorator } from 'cc';
import { Bar } from './bar';  // Given that './bar' also reference 'foo.ts'.
                              // When importing './bar', execution of './bar' is hung on to wait execution of 'foo.ts',
                              // the `Bar` imported here is `undefined` until './bar' finish its execution.
                              // It leads to that
@_decorator.ccclass           //  ↓
export class Foo {            //  ↓
    @_decorator.type(Bar)     //  → is equivalent to `@_decorator.type(undefined)`
    public bar: Bar;          // To eliminate this error, either:
                              // - Refactor your module structure(recommended), or
                              // - specify the type as cc class name: `@_decorator.type('Bar'/* or any name you specified for `Bar` */)`
}Error: [Scene] You are explicitly specifying `undefined` type to cc property "bird" of cc class "Game".
Is this intended? If not, this may indicate a circular reference.
For example:

 
// foo.ts
import { _decorator } from 'cc';
import { Bar } from './bar';  // Given that './bar' also reference 'foo.ts'.
@_decorator.ccclass           //  ↓
export class Foo {            //  ↓
    @_decorator.type(Bar)     //  → is equivalent to `@_decorator.type(undefined)`
    public bar: Bar;          // To eliminate this error, either:
                              // - Refactor your module structure(recommended), or
                              // - specify the type as cc class name: `@_decorator.type('Bar'/* or any name you specified for `Bar` */)`
}
    at Logger._logHandler (C:\ProgramData\cocos\editors\Creator\3.8.3\resources\app.asar\builtin\scene\dist\script\3d\manager\startup\log.ccc:1:487)
    at Logger.record (C:\ProgramData\cocos\editors\Creator\3.8.3\resources\app.asar\node_modules\@base\electron-logger\lib\renderer.ccc:1:458)
    at console.warn (C:\ProgramData\cocos\editors\Creator\3.8.3\resources\app.asar\node_modules\@base\electron-logger\lib\renderer.ccc:1:1260)
    at warn (C:\ProgramData\cocos\editors\Creator\3.8.3\resources\resources\3d\engine\bin\.cache\dev\editor\bundled\index.js:160118:12)
    at warnID (C:\ProgramData\cocos\editors\Creator\3.8.3\resources\resources\3d\engine\bin\.cache\dev\editor\bundled\index.js:160300:5)
    at parseAttributes (C:\ProgramData\cocos\editors\Creator\3.8.3\resources\resources\3d\engine\bin\.cache\dev\editor\bundled\index.js:141172:7)
    at defineProp (C:\ProgramData\cocos\editors\Creator\3.8.3\resources\resources\3d\engine\bin\.cache\dev\editor\bundled\index.js:140919:5)
    at declareProperties (C:\ProgramData\cocos\editors\Creator\3.8.3\resources\resources\3d\engine\bin\.cache\dev\editor\bundled\index.js:141083:11)
    at CCClass (C:\ProgramData\cocos\editors\Creator\3.8.3\resources\resources\3d\engine\bin\.cache\dev\editor\bundled\index.js:141108:5)
    at eval (C:\ProgramData\cocos\editors\Creator\3.8.3\resources\resources\3d\engine\bin\.cache\dev\editor\bundled\index.js:272931:21)
2-6-2024 15:22:01 - warn: [Scene] No need to specify the "type" of "Game.gameOverStartPos" because cc.Vec3 is a child class of ValueType. Just set the default value to 'new cc.Vec3()' and it will be handled properly. Game gameOverStartPos cc.Vec3Error: [Scene] No need to specify the "type" of "Game.gameOverStartPos" because cc.Vec3 is a child class of ValueType. Just set the default value to 'new cc.Vec3()' and it will be handled properly. Game gameOverStartPos cc.Vec3
    at warn (C:\ProgramData\cocos\editors\Creator\3.8.3\resources\resources\3d\engine\bin\.cache\dev\editor\bundled\index.js:160118:12)
    at warnID (C:\ProgramData\cocos\editors\Creator\3.8.3\resources\resources\3d\engine\bin\.cache\dev\editor\bundled\index.js:160300:5)
    at Array.eval (C:\ProgramData\cocos\editors\Creator\3.8.3\resources\resources\3d\engine\bin\.cache\dev\editor\bundled\index.js:273473:11)
    at defineProp (C:\ProgramData\cocos\editors\Creator\3.8.3\resources\resources\3d\engine\bin\.cache\dev\editor\bundled\index.js:140922:27)
    at declareProperties (C:\ProgramData\cocos\editors\Creator\3.8.3\resources\resources\3d\engine\bin\.cache\dev\editor\bundled\index.js:141083:11)
    at CCClass (C:\ProgramData\cocos\editors\Creator\3.8.3\resources\resources\3d\engine\bin\.cache\dev\editor\bundled\index.js:141108:5)
    at eval (C:\ProgramData\cocos\editors\Creator\3.8.3\resources\resources\3d\engine\bin\.cache\dev\editor\bundled\index.js:272931:21)
2-6-2024 15:22:01 - warn: [Scene] No need to specify the "type" of "Game.gameOverHidePos" because cc.Vec3 is a child class of ValueType. Just set the default value to 'new cc.Vec3()' and it will be handled properly. Game gameOverHidePos cc.Vec3Error: [Scene] No need to specify the "type" of "Game.gameOverHidePos" because cc.Vec3 is a child class of ValueType. Just set the default value to 'new cc.Vec3()' and it will be handled properly. Game gameOverHidePos cc.Vec3
    at warn (C:\ProgramData\cocos\editors\Creator\3.8.3\resources\resources\3d\engine\bin\.cache\dev\editor\bundled\index.js:160118:12)
    at warnID (C:\ProgramData\cocos\editors\Creator\3.8.3\resources\resources\3d\engine\bin\.cache\dev\editor\bundled\index.js:160300:5)
    at Array.eval (C:\ProgramData\cocos\editors\Creator\3.8.3\resources\resources\3d\engine\bin\.cache\dev\editor\bundled\index.js:273473:11)
    at defineProp (C:\ProgramData\cocos\editors\Creator\3.8.3\resources\resources\3d\engine\bin\.cache\dev\editor\bundled\index.js:140922:27)
    at declareProperties (C:\ProgramData\cocos\editors\Creator\3.8.3\resources\resources\3d\engine\bin\.cache\dev\editor\bundled\index.js:141083:11)
    at CCClass (C:\ProgramData\cocos\editors\Creator\3.8.3\resources\resources\3d\engine\bin\.cache\dev\editor\bundled\index.js:141108:5)
    at eval (C:\ProgramData\cocos\editors\Creator\3.8.3\resources\resources\3d\engine\bin\.cache\dev\editor\bundled\index.js:272931:21)
2-6-2024 15:22:01 - log: [Scene] No need to specify the "type" of "ClariceCamera.offset" because cc.Vec2 is a child class of ValueType.
2-6-2024 15:22:01 - log: [Scene] [PHYSICS2D]: switch from box2d-wasm to box2d.
2-6-2024 15:22:20 - log: [PreviewInEditor] meshopt wasm decoder initialized
2-6-2024 15:22:20 - log: [PreviewInEditor] [box2d]:box2d wasm lib loaded.
2-6-2024 15:22:20 - log: [PreviewInEditor] [bullet]:bullet wasm lib loaded.
2-6-2024 15:22:20 - log: [PreviewInEditor] [PHYSICS]: using builtin.
2-6-2024 15:22:20 - log: [PreviewInEditor] Cocos Creator v3.8.3
2-6-2024 15:22:20 - info: [PreviewInEditor] Forward render pipeline initialized.
2-6-2024 15:22:21 - warn: [PreviewInEditor] Found possible circular reference in "pack:///chunks/2a/2a9f771bf51c812d4fe1ef3ab59f0875d252c728.js", happened when use "Bird" imported from "./Bird"  Error: 
    at Object.execute (file:///D:/ThanhPhong/FE02/Project-FrontEnd2/temp/programming/packer-driver/targets/editor/chunks/2a/2a9f771bf51c812d4fe1ef3ab59f0875d252c728.js:74:18)
    at doExec (C:\ProgramData\cocos\editors\Creator\3.8.3\resources\app.asar\node_modules\@editor\lib-programming\static\executor\systemjs-bridge\out\index.js:517:30)
    at postOrderExec (C:\ProgramData\cocos\editors\Creator\3.8.3\resources\app.asar\node_modules\@editor\lib-programming\static\executor\systemjs-bridge\out\index.js:508:21)
    at C:\ProgramData\cocos\editors\Creator\3.8.3\resources\app.asar\node_modules\@editor\lib-programming\static\executor\systemjs-bridge\out\index.js:493:28
    at Array.forEach (<anonymous>)
    at postOrderExec (C:\ProgramData\cocos\editors\Creator\3.8.3\resources\app.asar\node_modules\@editor\lib-programming\static\executor\systemjs-bridge\out\index.js:491:10)
    at C:\ProgramData\cocos\editors\Creator\3.8.3\resources\app.asar\node_modules\@editor\lib-programming\static\executor\systemjs-bridge\out\index.js:440:12
    at file:///D:/ThanhPhong/FE02/Project-FrontEnd2/temp/programming/packer-driver/targets/editor/chunks/6d/6d8fd2b0177941b032ddc0733af48a561fb60657.js:13:13
    at Object.execute (file:///D:/ThanhPhong/FE02/Project-FrontEnd2/temp/programming/packer-driver/targets/editor/chunks/6d/6d8fd2b0177941b032ddc0733af48a561fb60657.js:8:7)
    at Executor._importPrerequisiteModules (C:\ProgramData\cocos\editors\Creator\3.8.3\resources\app.asar\node_modules\@editor\lib-programming\src\executor\index.ts:316:13)Error: [PreviewInEditor] Found possible circular reference in "pack:///chunks/2a/2a9f771bf51c812d4fe1ef3ab59f0875d252c728.js", happened when use "Bird" imported from "./Bird"  Error: 
    at C:\ProgramData\cocos\editors\Creator\3.8.3\resources\app.asar\node_modules\@editor\lib-programming\static\executor\systemjs-bridge\out\index.js:493:28
    at Array.forEach (<anonymous>)
    at postOrderExec (C:\ProgramData\cocos\editors\Creator\3.8.3\resources\app.asar\node_modules\@editor\lib-programming\static\executor\systemjs-bridge\out\index.js:491:10)
    at C:\ProgramData\cocos\editors\Creator\3.8.3\resources\app.asar\node_modules\@editor\lib-programming\static\executor\systemjs-bridge\out\index.js:440:12
    at file:///D:/ThanhPhong/FE02/Project-FrontEnd2/temp/programming/packer-driver/targets/editor/chunks/6d/6d8fd2b0177941b032ddc0733af48a561fb60657.js:13:13
    at Object.execute (file:///D:/ThanhPhong/FE02/Project-FrontEnd2/temp/programming/packer-driver/targets/editor/chunks/6d/6d8fd2b0177941b032ddc0733af48a561fb60657.js:8:7)
    at Executor._importPrerequisiteModules (C:\ProgramData\cocos\editors\Creator\3.8.3\resources\app.asar\node_modules\@editor\lib-programming\src\executor\index.ts:316:13)
    at Logger._logHandler (C:\ProgramData\cocos\editors\Creator\3.8.3\resources\app.asar\builtin\scene\dist\script\3d\manager\startup\log.ccc:1:487)
    at Logger.record (C:\ProgramData\cocos\editors\Creator\3.8.3\resources\app.asar\node_modules\@base\electron-logger\lib\renderer.ccc:1:458)
    at console.warn (C:\ProgramData\cocos\editors\Creator\3.8.3\resources\app.asar\node_modules\@base\electron-logger\lib\renderer.ccc:1:1260)
    at Module.report (file:///D:/ThanhPhong/FE02/Project-FrontEnd2/temp/programming/packer-driver/targets/editor/chunks/6a/6a5019a719a9014c047e67aa1cf34453ab8392ce.js:16:13)
    at _reportPossibleCrUseOfBird (file:///D:/ThanhPhong/FE02/Project-FrontEnd2/temp/programming/packer-driver/targets/editor/chunks/2a/2a9f771bf51c812d4fe1ef3ab59f0875d252c728.js:13:17)
    at Object.execute (file:///D:/ThanhPhong/FE02/Project-FrontEnd2/temp/programming/packer-driver/targets/editor/chunks/2a/2a9f771bf51c812d4fe1ef3ab59f0875d252c728.js:73:42)
    at doExec (C:\ProgramData\cocos\editors\Creator\3.8.3\resources\app.asar\node_modules\@editor\lib-programming\static\executor\systemjs-bridge\out\index.js:517:30)
    at postOrderExec (C:\ProgramData\cocos\editors\Creator\3.8.3\resources\app.asar\node_modules\@editor\lib-programming\static\executor\systemjs-bridge\out\index.js:508:21)
    at C:\ProgramData\cocos\editors\Creator\3.8.3\resources\app.asar\node_modules\@editor\lib-programming\static\executor\systemjs-bridge\out\index.js:493:28
    at Array.forEach (<anonymous>)
2-6-2024 15:22:21 - warn: [PreviewInEditor] You are explicitly specifying `undefined` type to cc property "bird" of cc class "Game".
Is this intended? If not, this may indicate a circular reference.
For example:

 
// foo.ts
import { _decorator } from 'cc';
import { Bar } from './bar';  // Given that './bar' also reference 'foo.ts'.
                              // When importing './bar', execution of './bar' is hung on to wait execution of 'foo.ts',
                              // the `Bar` imported here is `undefined` until './bar' finish its execution.
                              // It leads to that
@_decorator.ccclass           //  ↓
export class Foo {            //  ↓
    @_decorator.type(Bar)     //  → is equivalent to `@_decorator.type(undefined)`
    public bar: Bar;          // To eliminate this error, either:
                              // - Refactor your module structure(recommended), or
                              // - specify the type as cc class name: `@_decorator.type('Bar'/* or any name you specified for `Bar` */)`
}Error: [PreviewInEditor] You are explicitly specifying `undefined` type to cc property "bird" of cc class "Game".
Is this intended? If not, this may indicate a circular reference.
For example:

 
// foo.ts
import { _decorator } from 'cc';
import { Bar } from './bar';  // Given that './bar' also reference 'foo.ts'.
@_decorator.ccclass           //  ↓
export class Foo {            //  ↓
    @_decorator.type(Bar)     //  → is equivalent to `@_decorator.type(undefined)`
    public bar: Bar;          // To eliminate this error, either:
                              // - Refactor your module structure(recommended), or
                              // - specify the type as cc class name: `@_decorator.type('Bar'/* or any name you specified for `Bar` */)`
}
    at Logger._logHandler (C:\ProgramData\cocos\editors\Creator\3.8.3\resources\app.asar\builtin\scene\dist\script\3d\manager\startup\log.ccc:1:487)
    at Logger.record (C:\ProgramData\cocos\editors\Creator\3.8.3\resources\app.asar\node_modules\@base\electron-logger\lib\renderer.ccc:1:458)
    at console.warn (C:\ProgramData\cocos\editors\Creator\3.8.3\resources\app.asar\node_modules\@base\electron-logger\lib\renderer.ccc:1:1260)
    at warn (C:\ProgramData\cocos\editors\Creator\3.8.3\resources\resources\3d\engine\bin\.cache\dev\editor\bundled\index.js:160118:12)
    at warnID (C:\ProgramData\cocos\editors\Creator\3.8.3\resources\resources\3d\engine\bin\.cache\dev\editor\bundled\index.js:160300:5)
    at parseAttributes (C:\ProgramData\cocos\editors\Creator\3.8.3\resources\resources\3d\engine\bin\.cache\dev\editor\bundled\index.js:141172:7)
    at defineProp (C:\ProgramData\cocos\editors\Creator\3.8.3\resources\resources\3d\engine\bin\.cache\dev\editor\bundled\index.js:140919:5)
    at declareProperties (C:\ProgramData\cocos\editors\Creator\3.8.3\resources\resources\3d\engine\bin\.cache\dev\editor\bundled\index.js:141083:11)
    at CCClass (C:\ProgramData\cocos\editors\Creator\3.8.3\resources\resources\3d\engine\bin\.cache\dev\editor\bundled\index.js:141108:5)
    at eval (C:\ProgramData\cocos\editors\Creator\3.8.3\resources\resources\3d\engine\bin\.cache\dev\editor\bundled\index.js:272931:21)
2-6-2024 15:22:21 - warn: [PreviewInEditor] No need to specify the "type" of "Game.gameOverStartPos" because cc.Vec3 is a child class of ValueType. Just set the default value to 'new cc.Vec3()' and it will be handled properly. Game gameOverStartPos cc.Vec3Error: [PreviewInEditor] No need to specify the "type" of "Game.gameOverStartPos" because cc.Vec3 is a child class of ValueType. Just set the default value to 'new cc.Vec3()' and it will be handled properly. Game gameOverStartPos cc.Vec3
    at warn (C:\ProgramData\cocos\editors\Creator\3.8.3\resources\resources\3d\engine\bin\.cache\dev\editor\bundled\index.js:160118:12)
    at warnID (C:\ProgramData\cocos\editors\Creator\3.8.3\resources\resources\3d\engine\bin\.cache\dev\editor\bundled\index.js:160300:5)
    at Array.eval (C:\ProgramData\cocos\editors\Creator\3.8.3\resources\resources\3d\engine\bin\.cache\dev\editor\bundled\index.js:273473:11)
    at defineProp (C:\ProgramData\cocos\editors\Creator\3.8.3\resources\resources\3d\engine\bin\.cache\dev\editor\bundled\index.js:140922:27)
    at declareProperties (C:\ProgramData\cocos\editors\Creator\3.8.3\resources\resources\3d\engine\bin\.cache\dev\editor\bundled\index.js:141083:11)
    at CCClass (C:\ProgramData\cocos\editors\Creator\3.8.3\resources\resources\3d\engine\bin\.cache\dev\editor\bundled\index.js:141108:5)
    at eval (C:\ProgramData\cocos\editors\Creator\3.8.3\resources\resources\3d\engine\bin\.cache\dev\editor\bundled\index.js:272931:21)
2-6-2024 15:22:21 - warn: [PreviewInEditor] No need to specify the "type" of "Game.gameOverHidePos" because cc.Vec3 is a child class of ValueType. Just set the default value to 'new cc.Vec3()' and it will be handled properly. Game gameOverHidePos cc.Vec3Error: [PreviewInEditor] No need to specify the "type" of "Game.gameOverHidePos" because cc.Vec3 is a child class of ValueType. Just set the default value to 'new cc.Vec3()' and it will be handled properly. Game gameOverHidePos cc.Vec3
    at warn (C:\ProgramData\cocos\editors\Creator\3.8.3\resources\resources\3d\engine\bin\.cache\dev\editor\bundled\index.js:160118:12)
    at warnID (C:\ProgramData\cocos\editors\Creator\3.8.3\resources\resources\3d\engine\bin\.cache\dev\editor\bundled\index.js:160300:5)
    at Array.eval (C:\ProgramData\cocos\editors\Creator\3.8.3\resources\resources\3d\engine\bin\.cache\dev\editor\bundled\index.js:273473:11)
    at defineProp (C:\ProgramData\cocos\editors\Creator\3.8.3\resources\resources\3d\engine\bin\.cache\dev\editor\bundled\index.js:140922:27)
    at declareProperties (C:\ProgramData\cocos\editors\Creator\3.8.3\resources\resources\3d\engine\bin\.cache\dev\editor\bundled\index.js:141083:11)
    at CCClass (C:\ProgramData\cocos\editors\Creator\3.8.3\resources\resources\3d\engine\bin\.cache\dev\editor\bundled\index.js:141108:5)
    at eval (C:\ProgramData\cocos\editors\Creator\3.8.3\resources\resources\3d\engine\bin\.cache\dev\editor\bundled\index.js:272931:21)
2-6-2024 15:22:21 - log: [PreviewInEditor] No need to specify the "type" of "ClariceCamera.offset" because cc.Vec2 is a child class of ValueType.
2-6-2024 15:22:21 - log: [PreviewInEditor] [PHYSICS2D]: switch from box2d-wasm to box2d.
2-6-2024 15:22:22 - warn: A panel(reference-image) is currently open. Please try again later.
2-6-2024 15:22:22 - warn: A panel(reference-image) is currently open. Please try again later.
