21:31:51 debug: 21:31:51, 3/6/2024
21:31:51 debug: Project: D:\ThanhPhong\FE02\Project-FrontEnd2
21:31:51 debug: Targets: editor,preview
21:31:51 debug: Incremental file seems great.
21:31:51 debug: Engine path: C:\ProgramData\cocos\editors\Creator\3.8.3\resources\resources\3d\engine
21:31:51 debug: Initializing target [Editor]
21:31:51 debug: Loading cache
21:31:51 debug: Loading cache costs 2.511700004339218ms.
21:31:51 debug: Engine features shipped in editor: base,gfx-webgl,gfx-webgl2,gfx-empty,3d,animation,skeletal-animation,2d,ui,particle,particle-2d,physics-framework,physics-2d-framework,physics-2d-box2d-wasm,intersection-2d,primitive,profiler,occlusion-query,geometry-renderer,debug-renderer,audio,video,xr,light-probe,terrain,webview,tween,tiled-map,spine,dragon-bones,marionette,procedural-animation,custom-pipeline,websocket,websocket-server,meshopt
21:31:51 debug: Our import map(foo:/bar): {
  "imports": {
    "cc": "cce:/internal/x/cc"
  }
}
21:31:51 debug: Initializing target [Preview]
21:31:51 debug: Loading cache
21:31:51 debug: Loading cache costs 1.1265000104904175ms.
21:31:51 debug: Our import map(foo:/bar): {
  "imports": {
    "cc": "cce:/internal/x/cc"
  }
}
21:31:51 debug: Sync engine features: 2d,audio,base,gfx-webgl,gfx-webgl2,meshopt,particle-2d,physics-2d-box2d,tween,ui,websocket,websocket-server
21:31:51 debug: Reset databases. Enumerated domains: [
  {
    "root": "db://internal/",
    "physical": "C:\\ProgramData\\cocos\\editors\\Creator\\3.8.3\\resources\\resources\\3d\\engine\\editor\\assets"
  },
  {
    "root": "db://assets/",
    "physical": "D:\\ThanhPhong\\FE02\\Project-FrontEnd2\\assets"
  }
]
21:31:51 debug: Our import map(foo:/bar): {
  "imports": {
    "cc": "cce:/internal/x/cc",
    "db://internal/": "file:///C:/ProgramData/cocos/editors/Creator/3.8.3/resources/resources/3d/engine/editor/assets/",
    "db://assets/": "file:///D:/ThanhPhong/FE02/Project-FrontEnd2/assets/"
  }
}
21:31:51 debug: Our import map(foo:/bar): {
  "imports": {
    "cc": "cce:/internal/x/cc",
    "db://internal/": "file:///C:/ProgramData/cocos/editors/Creator/3.8.3/resources/resources/3d/engine/editor/assets/",
    "db://assets/": "file:///D:/ThanhPhong/FE02/Project-FrontEnd2/assets/"
  }
}
21:31:51 debug: Pulling asset-db.
21:31:51 debug: Fetch asset-db cost: 18.859600007534027ms.
21:31:51 debug: Build iteration starts.
Number of accumulated asset changes: 16
Feature changed: false
21:31:51 debug: Target(editor) build started.
21:31:51 debug: Detected change: cce:/internal/x/cc. Last mtime: Thu Jan 01 1970 08:00:09 GMT+0800 (Giờ Đông Dương), Current mtime: Thu Jan 01 1970 08:00:11 GMT+0800 (Giờ Đông Dương)
21:31:51 debug: Inspect cce:/internal/x/cc
21:31:51 debug: Resolve cce:/internal/x/cc-fu/base from cce:/internal/x/cc as external dependency cce:/internal/x/cc-fu/base.
21:31:51 debug: Resolve cce:/internal/x/cc-fu/gfx-webgl from cce:/internal/x/cc as external dependency cce:/internal/x/cc-fu/gfx-webgl.
21:31:51 debug: Resolve cce:/internal/x/cc-fu/gfx-webgl2 from cce:/internal/x/cc as external dependency cce:/internal/x/cc-fu/gfx-webgl2.
21:31:51 debug: Resolve cce:/internal/x/cc-fu/gfx-empty from cce:/internal/x/cc as external dependency cce:/internal/x/cc-fu/gfx-empty.
21:31:51 debug: Resolve cce:/internal/x/cc-fu/3d from cce:/internal/x/cc as external dependency cce:/internal/x/cc-fu/3d.
21:31:51 debug: Resolve cce:/internal/x/cc-fu/animation from cce:/internal/x/cc as external dependency cce:/internal/x/cc-fu/animation.
21:31:51 debug: Resolve cce:/internal/x/cc-fu/skeletal-animation from cce:/internal/x/cc as external dependency cce:/internal/x/cc-fu/skeletal-animation.
21:31:51 debug: Resolve cce:/internal/x/cc-fu/2d from cce:/internal/x/cc as external dependency cce:/internal/x/cc-fu/2d.
21:31:51 debug: Resolve cce:/internal/x/cc-fu/sorting from cce:/internal/x/cc as external dependency cce:/internal/x/cc-fu/sorting.
21:31:51 debug: Resolve cce:/internal/x/cc-fu/ui from cce:/internal/x/cc as external dependency cce:/internal/x/cc-fu/ui.
21:31:51 debug: Resolve cce:/internal/x/cc-fu/particle from cce:/internal/x/cc as external dependency cce:/internal/x/cc-fu/particle.
21:31:51 debug: Resolve cce:/internal/x/cc-fu/particle-2d from cce:/internal/x/cc as external dependency cce:/internal/x/cc-fu/particle-2d.
21:31:51 debug: Resolve cce:/internal/x/cc-fu/physics-framework from cce:/internal/x/cc as external dependency cce:/internal/x/cc-fu/physics-framework.
21:31:51 debug: Resolve cce:/internal/x/cc-fu/physics-2d-framework from cce:/internal/x/cc as external dependency cce:/internal/x/cc-fu/physics-2d-framework.
21:31:51 debug: Resolve cce:/internal/x/cc-fu/physics-2d-box2d-wasm from cce:/internal/x/cc as external dependency cce:/internal/x/cc-fu/physics-2d-box2d-wasm.
21:31:51 debug: Resolve cce:/internal/x/cc-fu/intersection-2d from cce:/internal/x/cc as external dependency cce:/internal/x/cc-fu/intersection-2d.
21:31:51 debug: Resolve cce:/internal/x/cc-fu/primitive from cce:/internal/x/cc as external dependency cce:/internal/x/cc-fu/primitive.
21:31:51 debug: Resolve cce:/internal/x/cc-fu/profiler from cce:/internal/x/cc as external dependency cce:/internal/x/cc-fu/profiler.
21:31:51 debug: Resolve cce:/internal/x/cc-fu/geometry-renderer from cce:/internal/x/cc as external dependency cce:/internal/x/cc-fu/geometry-renderer.
21:31:51 debug: Resolve cce:/internal/x/cc-fu/audio from cce:/internal/x/cc as external dependency cce:/internal/x/cc-fu/audio.
21:31:51 debug: Resolve cce:/internal/x/cc-fu/video from cce:/internal/x/cc as external dependency cce:/internal/x/cc-fu/video.
21:31:51 debug: Resolve cce:/internal/x/cc-fu/xr from cce:/internal/x/cc as external dependency cce:/internal/x/cc-fu/xr.
21:31:51 debug: Resolve cce:/internal/x/cc-fu/light-probe from cce:/internal/x/cc as external dependency cce:/internal/x/cc-fu/light-probe.
21:31:51 debug: Resolve cce:/internal/x/cc-fu/terrain from cce:/internal/x/cc as external dependency cce:/internal/x/cc-fu/terrain.
21:31:51 debug: Resolve cce:/internal/x/cc-fu/webview from cce:/internal/x/cc as external dependency cce:/internal/x/cc-fu/webview.
21:31:51 debug: Resolve cce:/internal/x/cc-fu/tween from cce:/internal/x/cc as external dependency cce:/internal/x/cc-fu/tween.
21:31:51 debug: Resolve cce:/internal/x/cc-fu/tiled-map from cce:/internal/x/cc as external dependency cce:/internal/x/cc-fu/tiled-map.
21:31:51 debug: Resolve cce:/internal/x/cc-fu/spine from cce:/internal/x/cc as external dependency cce:/internal/x/cc-fu/spine.
21:31:51 debug: Resolve cce:/internal/x/cc-fu/dragon-bones from cce:/internal/x/cc as external dependency cce:/internal/x/cc-fu/dragon-bones.
21:31:51 debug: Resolve cce:/internal/x/cc-fu/custom-pipeline from cce:/internal/x/cc as external dependency cce:/internal/x/cc-fu/custom-pipeline.
21:31:51 debug: Detected change: cce:/internal/x/prerequisite-imports. Last mtime: Thu Jan 01 1970 14:13:30 GMT+0800 (Giờ Đông Dương), Current mtime: Thu Jan 01 1970 08:00:11 GMT+0800 (Giờ Đông Dương)
21:31:51 debug: Inspect cce:/internal/x/prerequisite-imports
21:31:51 debug: Resolve file:///C:/ProgramData/cocos/editors/Creator/3.8.3/resources/resources/3d/engine/editor/assets/tools/debug-view-runtime-control.ts from cce:/internal/x/prerequisite-imports as file:///C:/ProgramData/cocos/editors/Creator/3.8.3/resources/resources/3d/engine/editor/assets/tools/debug-view-runtime-control.ts.
21:31:51 debug: Resolve cc from file:///C:/ProgramData/cocos/editors/Creator/3.8.3/resources/resources/3d/engine/editor/assets/tools/debug-view-runtime-control.ts as cce:/internal/x/cc.
21:31:51 debug: Resolve cc from file:///C:/ProgramData/cocos/editors/Creator/3.8.3/resources/resources/3d/engine/editor/assets/tools/debug-view-runtime-control.ts as cce:/internal/x/cc.
21:31:51 debug: Resolve cc from file:///C:/ProgramData/cocos/editors/Creator/3.8.3/resources/resources/3d/engine/editor/assets/tools/debug-view-runtime-control.ts as cce:/internal/x/cc.
21:31:51 debug: Resolve file:///D:/ThanhPhong/FE02/Project-FrontEnd2/assets/Scripts/Android/AndroidNative.ts from cce:/internal/x/prerequisite-imports as file:///D:/ThanhPhong/FE02/Project-FrontEnd2/assets/Scripts/Android/AndroidNative.ts.
21:31:51 debug: Resolve cc from file:///D:/ThanhPhong/FE02/Project-FrontEnd2/assets/Scripts/Android/AndroidNative.ts as cce:/internal/x/cc.
21:31:51 debug: Resolve cc from file:///D:/ThanhPhong/FE02/Project-FrontEnd2/assets/Scripts/Android/AndroidNative.ts as cce:/internal/x/cc.
21:31:51 debug: Resolve cc from file:///D:/ThanhPhong/FE02/Project-FrontEnd2/assets/Scripts/Android/AndroidNative.ts as cce:/internal/x/cc.
21:31:51 debug: Resolve file:///D:/ThanhPhong/FE02/Project-FrontEnd2/assets/Scripts/Bird.ts from cce:/internal/x/prerequisite-imports as file:///D:/ThanhPhong/FE02/Project-FrontEnd2/assets/Scripts/Bird.ts.
21:31:51 debug: Resolve cce:/internal/code-quality/cr.mjs from file:///D:/ThanhPhong/FE02/Project-FrontEnd2/assets/Scripts/Bird.ts as cce:/internal/code-quality/cr.mjs.
21:31:51 debug: Detected change: cce:/internal/code-quality/cr.mjs. Last mtime: Mon Jun 03 2024 15:15:22 GMT+0700 (Giờ Đông Dương), Current mtime: Mon Jun 03 2024 21:31:40 GMT+0700 (Giờ Đông Dương)
21:31:51 debug: Inspect cce:/internal/code-quality/cr.mjs
21:31:51 debug: Resolve cc from file:///D:/ThanhPhong/FE02/Project-FrontEnd2/assets/Scripts/Bird.ts as cce:/internal/x/cc.
21:31:51 debug: Resolve cc from file:///D:/ThanhPhong/FE02/Project-FrontEnd2/assets/Scripts/Bird.ts as cce:/internal/x/cc.
21:31:51 debug: Resolve cc from file:///D:/ThanhPhong/FE02/Project-FrontEnd2/assets/Scripts/Bird.ts as cce:/internal/x/cc.
21:31:51 debug: Resolve ./Game from file:///D:/ThanhPhong/FE02/Project-FrontEnd2/assets/Scripts/Bird.ts as file:///D:/ThanhPhong/FE02/Project-FrontEnd2/assets/Scripts/Game.ts.
21:31:51 debug: Resolve cce:/internal/code-quality/cr.mjs from file:///D:/ThanhPhong/FE02/Project-FrontEnd2/assets/Scripts/Game.ts as cce:/internal/code-quality/cr.mjs.
21:31:51 debug: Resolve cc from file:///D:/ThanhPhong/FE02/Project-FrontEnd2/assets/Scripts/Game.ts as cce:/internal/x/cc.
21:31:51 debug: Resolve cc from file:///D:/ThanhPhong/FE02/Project-FrontEnd2/assets/Scripts/Game.ts as cce:/internal/x/cc.
21:31:51 debug: Resolve cc from file:///D:/ThanhPhong/FE02/Project-FrontEnd2/assets/Scripts/Game.ts as cce:/internal/x/cc.
21:31:51 debug: Resolve ./Bird from file:///D:/ThanhPhong/FE02/Project-FrontEnd2/assets/Scripts/Game.ts as file:///D:/ThanhPhong/FE02/Project-FrontEnd2/assets/Scripts/Bird.ts.
21:31:51 debug: Resolve ./Scroll from file:///D:/ThanhPhong/FE02/Project-FrontEnd2/assets/Scripts/Game.ts as file:///D:/ThanhPhong/FE02/Project-FrontEnd2/assets/Scripts/Scroll.ts.
21:31:51 debug: Resolve cc from file:///D:/ThanhPhong/FE02/Project-FrontEnd2/assets/Scripts/Scroll.ts as cce:/internal/x/cc.
21:31:51 debug: Resolve cc from file:///D:/ThanhPhong/FE02/Project-FrontEnd2/assets/Scripts/Scroll.ts as cce:/internal/x/cc.
21:31:51 debug: Resolve cc from file:///D:/ThanhPhong/FE02/Project-FrontEnd2/assets/Scripts/Scroll.ts as cce:/internal/x/cc.
21:31:51 debug: Resolve ./PipePool from file:///D:/ThanhPhong/FE02/Project-FrontEnd2/assets/Scripts/Game.ts as file:///D:/ThanhPhong/FE02/Project-FrontEnd2/assets/Scripts/PipePool.ts.
21:31:51 debug: Resolve cc from file:///D:/ThanhPhong/FE02/Project-FrontEnd2/assets/Scripts/PipePool.ts as cce:/internal/x/cc.
21:31:51 debug: Resolve cc from file:///D:/ThanhPhong/FE02/Project-FrontEnd2/assets/Scripts/PipePool.ts as cce:/internal/x/cc.
21:31:51 debug: Resolve cc from file:///D:/ThanhPhong/FE02/Project-FrontEnd2/assets/Scripts/PipePool.ts as cce:/internal/x/cc.
21:31:51 debug: Resolve ./UI/FlashUI from file:///D:/ThanhPhong/FE02/Project-FrontEnd2/assets/Scripts/Game.ts as file:///D:/ThanhPhong/FE02/Project-FrontEnd2/assets/Scripts/UI/FlashUI.ts.
21:31:51 debug: Resolve cc from file:///D:/ThanhPhong/FE02/Project-FrontEnd2/assets/Scripts/UI/FlashUI.ts as cce:/internal/x/cc.
21:31:51 debug: Resolve cc from file:///D:/ThanhPhong/FE02/Project-FrontEnd2/assets/Scripts/UI/FlashUI.ts as cce:/internal/x/cc.
21:31:51 debug: Resolve cc from file:///D:/ThanhPhong/FE02/Project-FrontEnd2/assets/Scripts/UI/FlashUI.ts as cce:/internal/x/cc.
21:31:51 debug: Resolve ./SpriteAnimator from file:///D:/ThanhPhong/FE02/Project-FrontEnd2/assets/Scripts/Bird.ts as file:///D:/ThanhPhong/FE02/Project-FrontEnd2/assets/Scripts/SpriteAnimator.ts.
21:31:51 debug: Detected change: file:///D:/ThanhPhong/FE02/Project-FrontEnd2/assets/Scripts/SpriteAnimator.ts. Last mtime: Mon Jun 03 2024 00:38:43 GMT+0700 (Giờ Đông Dương)@c67ee871-5e65-456c-9cc2-27a9a39c95bd, Current mtime: Mon Jun 03 2024 21:29:47 GMT+0700 (Giờ Đông Dương)@c67ee871-5e65-456c-9cc2-27a9a39c95bd
21:31:51 debug: Inspect file:///D:/ThanhPhong/FE02/Project-FrontEnd2/assets/Scripts/SpriteAnimator.ts
21:31:52 debug: Resolve cc from file:///D:/ThanhPhong/FE02/Project-FrontEnd2/assets/Scripts/SpriteAnimator.ts as cce:/internal/x/cc.
21:31:52 debug: Resolve cc from file:///D:/ThanhPhong/FE02/Project-FrontEnd2/assets/Scripts/SpriteAnimator.ts as cce:/internal/x/cc.
21:31:52 debug: Resolve cc from file:///D:/ThanhPhong/FE02/Project-FrontEnd2/assets/Scripts/SpriteAnimator.ts as cce:/internal/x/cc.
21:31:52 debug: Resolve file:///D:/ThanhPhong/FE02/Project-FrontEnd2/assets/Scripts/BirdMenu.ts from cce:/internal/x/prerequisite-imports as file:///D:/ThanhPhong/FE02/Project-FrontEnd2/assets/Scripts/BirdMenu.ts.
21:31:52 debug: Resolve cc from file:///D:/ThanhPhong/FE02/Project-FrontEnd2/assets/Scripts/BirdMenu.ts as cce:/internal/x/cc.
21:31:52 debug: Resolve cc from file:///D:/ThanhPhong/FE02/Project-FrontEnd2/assets/Scripts/BirdMenu.ts as cce:/internal/x/cc.
21:31:52 debug: Resolve cc from file:///D:/ThanhPhong/FE02/Project-FrontEnd2/assets/Scripts/BirdMenu.ts as cce:/internal/x/cc.
21:31:52 debug: Resolve file:///D:/ThanhPhong/FE02/Project-FrontEnd2/assets/Scripts/ClariceCamera.ts from cce:/internal/x/prerequisite-imports as file:///D:/ThanhPhong/FE02/Project-FrontEnd2/assets/Scripts/ClariceCamera.ts.
21:31:52 debug: Resolve cc from file:///D:/ThanhPhong/FE02/Project-FrontEnd2/assets/Scripts/ClariceCamera.ts as cce:/internal/x/cc.
21:31:52 debug: Resolve cc from file:///D:/ThanhPhong/FE02/Project-FrontEnd2/assets/Scripts/ClariceCamera.ts as cce:/internal/x/cc.
21:31:52 debug: Resolve cc from file:///D:/ThanhPhong/FE02/Project-FrontEnd2/assets/Scripts/ClariceCamera.ts as cce:/internal/x/cc.
21:31:52 debug: Resolve file:///D:/ThanhPhong/FE02/Project-FrontEnd2/assets/Scripts/Game.ts from cce:/internal/x/prerequisite-imports as file:///D:/ThanhPhong/FE02/Project-FrontEnd2/assets/Scripts/Game.ts.
21:31:52 debug: Resolve file:///D:/ThanhPhong/FE02/Project-FrontEnd2/assets/Scripts/MainMenu.ts from cce:/internal/x/prerequisite-imports as file:///D:/ThanhPhong/FE02/Project-FrontEnd2/assets/Scripts/MainMenu.ts.
21:31:52 debug: Resolve cce:/internal/code-quality/cr.mjs from file:///D:/ThanhPhong/FE02/Project-FrontEnd2/assets/Scripts/MainMenu.ts as cce:/internal/code-quality/cr.mjs.
21:31:52 debug: Resolve cc from file:///D:/ThanhPhong/FE02/Project-FrontEnd2/assets/Scripts/MainMenu.ts as cce:/internal/x/cc.
21:31:52 debug: Resolve cc from file:///D:/ThanhPhong/FE02/Project-FrontEnd2/assets/Scripts/MainMenu.ts as cce:/internal/x/cc.
21:31:52 debug: Resolve cc from file:///D:/ThanhPhong/FE02/Project-FrontEnd2/assets/Scripts/MainMenu.ts as cce:/internal/x/cc.
21:31:52 debug: Resolve ./Android/AndroidNative from file:///D:/ThanhPhong/FE02/Project-FrontEnd2/assets/Scripts/MainMenu.ts as file:///D:/ThanhPhong/FE02/Project-FrontEnd2/assets/Scripts/Android/AndroidNative.ts.
21:31:52 debug: Resolve file:///D:/ThanhPhong/FE02/Project-FrontEnd2/assets/Scripts/PipePool.ts from cce:/internal/x/prerequisite-imports as file:///D:/ThanhPhong/FE02/Project-FrontEnd2/assets/Scripts/PipePool.ts.
21:31:52 debug: Resolve file:///D:/ThanhPhong/FE02/Project-FrontEnd2/assets/Scripts/Pipes.ts from cce:/internal/x/prerequisite-imports as file:///D:/ThanhPhong/FE02/Project-FrontEnd2/assets/Scripts/Pipes.ts.
21:31:52 debug: Resolve cce:/internal/code-quality/cr.mjs from file:///D:/ThanhPhong/FE02/Project-FrontEnd2/assets/Scripts/Pipes.ts as cce:/internal/code-quality/cr.mjs.
21:31:52 debug: Resolve cc from file:///D:/ThanhPhong/FE02/Project-FrontEnd2/assets/Scripts/Pipes.ts as cce:/internal/x/cc.
21:31:52 debug: Resolve cc from file:///D:/ThanhPhong/FE02/Project-FrontEnd2/assets/Scripts/Pipes.ts as cce:/internal/x/cc.
21:31:52 debug: Resolve cc from file:///D:/ThanhPhong/FE02/Project-FrontEnd2/assets/Scripts/Pipes.ts as cce:/internal/x/cc.
21:31:52 debug: Resolve ./Game from file:///D:/ThanhPhong/FE02/Project-FrontEnd2/assets/Scripts/Pipes.ts as file:///D:/ThanhPhong/FE02/Project-FrontEnd2/assets/Scripts/Game.ts.
21:31:52 debug: Resolve file:///D:/ThanhPhong/FE02/Project-FrontEnd2/assets/Scripts/Scroll.ts from cce:/internal/x/prerequisite-imports as file:///D:/ThanhPhong/FE02/Project-FrontEnd2/assets/Scripts/Scroll.ts.
21:31:52 debug: Resolve file:///D:/ThanhPhong/FE02/Project-FrontEnd2/assets/Scripts/SpriteAnimator.ts from cce:/internal/x/prerequisite-imports as file:///D:/ThanhPhong/FE02/Project-FrontEnd2/assets/Scripts/SpriteAnimator.ts.
21:31:52 debug: Resolve file:///D:/ThanhPhong/FE02/Project-FrontEnd2/assets/Scripts/TransitionScene.ts from cce:/internal/x/prerequisite-imports as file:///D:/ThanhPhong/FE02/Project-FrontEnd2/assets/Scripts/TransitionScene.ts.
21:31:52 debug: Detected change: file:///D:/ThanhPhong/FE02/Project-FrontEnd2/assets/Scripts/TransitionScene.ts. Last mtime: Mon Jun 03 2024 14:53:08 GMT+0700 (Giờ Đông Dương)@2bbc9b1c-7956-4707-a07f-bbd759ff96eb, Current mtime: Mon Jun 03 2024 21:31:10 GMT+0700 (Giờ Đông Dương)@2bbc9b1c-7956-4707-a07f-bbd759ff96eb
21:31:52 debug: Inspect file:///D:/ThanhPhong/FE02/Project-FrontEnd2/assets/Scripts/TransitionScene.ts
21:31:52 debug: Resolve cc from file:///D:/ThanhPhong/FE02/Project-FrontEnd2/assets/Scripts/TransitionScene.ts as cce:/internal/x/cc.
21:31:52 debug: Resolve cc from file:///D:/ThanhPhong/FE02/Project-FrontEnd2/assets/Scripts/TransitionScene.ts as cce:/internal/x/cc.
21:31:52 debug: Resolve cc from file:///D:/ThanhPhong/FE02/Project-FrontEnd2/assets/Scripts/TransitionScene.ts as cce:/internal/x/cc.
21:31:52 debug: Resolve file:///D:/ThanhPhong/FE02/Project-FrontEnd2/assets/Scripts/UI/EventSystem.ts from cce:/internal/x/prerequisite-imports as file:///D:/ThanhPhong/FE02/Project-FrontEnd2/assets/Scripts/UI/EventSystem.ts.
21:31:52 debug: Resolve cce:/internal/code-quality/cr.mjs from file:///D:/ThanhPhong/FE02/Project-FrontEnd2/assets/Scripts/UI/EventSystem.ts as cce:/internal/code-quality/cr.mjs.
21:31:52 debug: Resolve cc from file:///D:/ThanhPhong/FE02/Project-FrontEnd2/assets/Scripts/UI/EventSystem.ts as cce:/internal/x/cc.
21:31:52 debug: Resolve cc from file:///D:/ThanhPhong/FE02/Project-FrontEnd2/assets/Scripts/UI/EventSystem.ts as cce:/internal/x/cc.
21:31:52 debug: Resolve cc from file:///D:/ThanhPhong/FE02/Project-FrontEnd2/assets/Scripts/UI/EventSystem.ts as cce:/internal/x/cc.
21:31:52 debug: Resolve ./UISelectable from file:///D:/ThanhPhong/FE02/Project-FrontEnd2/assets/Scripts/UI/EventSystem.ts as file:///D:/ThanhPhong/FE02/Project-FrontEnd2/assets/Scripts/UI/UISelectable.ts.
21:31:52 debug: Resolve cce:/internal/code-quality/cr.mjs from file:///D:/ThanhPhong/FE02/Project-FrontEnd2/assets/Scripts/UI/UISelectable.ts as cce:/internal/code-quality/cr.mjs.
21:31:52 debug: Resolve cc from file:///D:/ThanhPhong/FE02/Project-FrontEnd2/assets/Scripts/UI/UISelectable.ts as cce:/internal/x/cc.
21:31:52 debug: Resolve cc from file:///D:/ThanhPhong/FE02/Project-FrontEnd2/assets/Scripts/UI/UISelectable.ts as cce:/internal/x/cc.
21:31:52 debug: Resolve cc from file:///D:/ThanhPhong/FE02/Project-FrontEnd2/assets/Scripts/UI/UISelectable.ts as cce:/internal/x/cc.
21:31:52 debug: Resolve cc from file:///D:/ThanhPhong/FE02/Project-FrontEnd2/assets/Scripts/UI/UISelectable.ts as cce:/internal/x/cc.
21:31:52 debug: Resolve ../Android/AndroidNative from file:///D:/ThanhPhong/FE02/Project-FrontEnd2/assets/Scripts/UI/UISelectable.ts as file:///D:/ThanhPhong/FE02/Project-FrontEnd2/assets/Scripts/Android/AndroidNative.ts.
21:31:52 debug: Resolve ./UIIndicator from file:///D:/ThanhPhong/FE02/Project-FrontEnd2/assets/Scripts/UI/EventSystem.ts as file:///D:/ThanhPhong/FE02/Project-FrontEnd2/assets/Scripts/UI/UIIndicator.ts.
21:31:52 debug: Resolve cce:/internal/code-quality/cr.mjs from file:///D:/ThanhPhong/FE02/Project-FrontEnd2/assets/Scripts/UI/UIIndicator.ts as cce:/internal/code-quality/cr.mjs.
21:31:52 debug: Resolve cc from file:///D:/ThanhPhong/FE02/Project-FrontEnd2/assets/Scripts/UI/UIIndicator.ts as cce:/internal/x/cc.
21:31:52 debug: Resolve cc from file:///D:/ThanhPhong/FE02/Project-FrontEnd2/assets/Scripts/UI/UIIndicator.ts as cce:/internal/x/cc.
21:31:52 debug: Resolve cc from file:///D:/ThanhPhong/FE02/Project-FrontEnd2/assets/Scripts/UI/UIIndicator.ts as cce:/internal/x/cc.
21:31:52 debug: Resolve file:///D:/ThanhPhong/FE02/Project-FrontEnd2/assets/Scripts/UI/FlashUI.ts from cce:/internal/x/prerequisite-imports as file:///D:/ThanhPhong/FE02/Project-FrontEnd2/assets/Scripts/UI/FlashUI.ts.
21:31:52 debug: Resolve file:///D:/ThanhPhong/FE02/Project-FrontEnd2/assets/Scripts/UI/UIIndicator.ts from cce:/internal/x/prerequisite-imports as file:///D:/ThanhPhong/FE02/Project-FrontEnd2/assets/Scripts/UI/UIIndicator.ts.
21:31:52 debug: Resolve file:///D:/ThanhPhong/FE02/Project-FrontEnd2/assets/Scripts/UI/UISelectable.ts from cce:/internal/x/prerequisite-imports as file:///D:/ThanhPhong/FE02/Project-FrontEnd2/assets/Scripts/UI/UISelectable.ts.
21:31:52 debug: Target(editor) ends with cost 387.1308999955654ms.
21:31:52 debug: Target(preview) build started.
21:31:52 debug: Detected change: cce:/internal/x/cc. Last mtime: Thu Jan 01 1970 08:00:09 GMT+0800 (Giờ Đông Dương), Current mtime: Thu Jan 01 1970 08:00:11 GMT+0800 (Giờ Đông Dương)
21:31:52 debug: Inspect cce:/internal/x/cc
21:31:52 debug: Resolve cce:/internal/x/cc-fu/2d from cce:/internal/x/cc as external dependency cce:/internal/x/cc-fu/2d.
21:31:52 debug: Resolve cce:/internal/x/cc-fu/sorting from cce:/internal/x/cc as external dependency cce:/internal/x/cc-fu/sorting.
21:31:52 debug: Resolve cce:/internal/x/cc-fu/audio from cce:/internal/x/cc as external dependency cce:/internal/x/cc-fu/audio.
21:31:52 debug: Resolve cce:/internal/x/cc-fu/base from cce:/internal/x/cc as external dependency cce:/internal/x/cc-fu/base.
21:31:52 debug: Resolve cce:/internal/x/cc-fu/gfx-webgl from cce:/internal/x/cc as external dependency cce:/internal/x/cc-fu/gfx-webgl.
21:31:52 debug: Resolve cce:/internal/x/cc-fu/gfx-webgl2 from cce:/internal/x/cc as external dependency cce:/internal/x/cc-fu/gfx-webgl2.
21:31:52 debug: Resolve cce:/internal/x/cc-fu/particle-2d from cce:/internal/x/cc as external dependency cce:/internal/x/cc-fu/particle-2d.
21:31:52 debug: Resolve cce:/internal/x/cc-fu/physics-2d-box2d from cce:/internal/x/cc as external dependency cce:/internal/x/cc-fu/physics-2d-box2d.
21:31:52 debug: Resolve cce:/internal/x/cc-fu/physics-2d-framework from cce:/internal/x/cc as external dependency cce:/internal/x/cc-fu/physics-2d-framework.
21:31:52 debug: Resolve cce:/internal/x/cc-fu/tween from cce:/internal/x/cc as external dependency cce:/internal/x/cc-fu/tween.
21:31:52 debug: Resolve cce:/internal/x/cc-fu/ui from cce:/internal/x/cc as external dependency cce:/internal/x/cc-fu/ui.
21:31:52 debug: Detected change: cce:/internal/x/prerequisite-imports. Last mtime: Thu Jan 01 1970 14:13:30 GMT+0800 (Giờ Đông Dương), Current mtime: Thu Jan 01 1970 08:00:11 GMT+0800 (Giờ Đông Dương)
21:31:52 debug: Inspect cce:/internal/x/prerequisite-imports
21:31:52 debug: Resolve file:///C:/ProgramData/cocos/editors/Creator/3.8.3/resources/resources/3d/engine/editor/assets/tools/debug-view-runtime-control.ts from cce:/internal/x/prerequisite-imports as file:///C:/ProgramData/cocos/editors/Creator/3.8.3/resources/resources/3d/engine/editor/assets/tools/debug-view-runtime-control.ts.
21:31:52 debug: Resolve cc from file:///C:/ProgramData/cocos/editors/Creator/3.8.3/resources/resources/3d/engine/editor/assets/tools/debug-view-runtime-control.ts as cce:/internal/x/cc.
21:31:52 debug: Resolve cc from file:///C:/ProgramData/cocos/editors/Creator/3.8.3/resources/resources/3d/engine/editor/assets/tools/debug-view-runtime-control.ts as cce:/internal/x/cc.
21:31:52 debug: Resolve cc from file:///C:/ProgramData/cocos/editors/Creator/3.8.3/resources/resources/3d/engine/editor/assets/tools/debug-view-runtime-control.ts as cce:/internal/x/cc.
21:31:52 debug: Resolve file:///D:/ThanhPhong/FE02/Project-FrontEnd2/assets/Scripts/Android/AndroidNative.ts from cce:/internal/x/prerequisite-imports as file:///D:/ThanhPhong/FE02/Project-FrontEnd2/assets/Scripts/Android/AndroidNative.ts.
21:31:52 debug: Resolve cc from file:///D:/ThanhPhong/FE02/Project-FrontEnd2/assets/Scripts/Android/AndroidNative.ts as cce:/internal/x/cc.
21:31:52 debug: Resolve cc from file:///D:/ThanhPhong/FE02/Project-FrontEnd2/assets/Scripts/Android/AndroidNative.ts as cce:/internal/x/cc.
21:31:52 debug: Resolve cc from file:///D:/ThanhPhong/FE02/Project-FrontEnd2/assets/Scripts/Android/AndroidNative.ts as cce:/internal/x/cc.
21:31:52 debug: Resolve file:///D:/ThanhPhong/FE02/Project-FrontEnd2/assets/Scripts/Bird.ts from cce:/internal/x/prerequisite-imports as file:///D:/ThanhPhong/FE02/Project-FrontEnd2/assets/Scripts/Bird.ts.
21:31:52 debug: Resolve cce:/internal/code-quality/cr.mjs from file:///D:/ThanhPhong/FE02/Project-FrontEnd2/assets/Scripts/Bird.ts as cce:/internal/code-quality/cr.mjs.
21:31:52 debug: Detected change: cce:/internal/code-quality/cr.mjs. Last mtime: Mon Jun 03 2024 15:15:22 GMT+0700 (Giờ Đông Dương), Current mtime: Mon Jun 03 2024 21:31:40 GMT+0700 (Giờ Đông Dương)
21:31:52 debug: Inspect cce:/internal/code-quality/cr.mjs
21:31:52 debug: Resolve cc from file:///D:/ThanhPhong/FE02/Project-FrontEnd2/assets/Scripts/Bird.ts as cce:/internal/x/cc.
21:31:52 debug: Resolve cc from file:///D:/ThanhPhong/FE02/Project-FrontEnd2/assets/Scripts/Bird.ts as cce:/internal/x/cc.
21:31:52 debug: Resolve cc from file:///D:/ThanhPhong/FE02/Project-FrontEnd2/assets/Scripts/Bird.ts as cce:/internal/x/cc.
21:31:52 debug: Resolve ./Game from file:///D:/ThanhPhong/FE02/Project-FrontEnd2/assets/Scripts/Bird.ts as file:///D:/ThanhPhong/FE02/Project-FrontEnd2/assets/Scripts/Game.ts.
21:31:52 debug: Resolve cce:/internal/code-quality/cr.mjs from file:///D:/ThanhPhong/FE02/Project-FrontEnd2/assets/Scripts/Game.ts as cce:/internal/code-quality/cr.mjs.
21:31:52 debug: Resolve cc from file:///D:/ThanhPhong/FE02/Project-FrontEnd2/assets/Scripts/Game.ts as cce:/internal/x/cc.
21:31:52 debug: Resolve cc from file:///D:/ThanhPhong/FE02/Project-FrontEnd2/assets/Scripts/Game.ts as cce:/internal/x/cc.
21:31:52 debug: Resolve cc from file:///D:/ThanhPhong/FE02/Project-FrontEnd2/assets/Scripts/Game.ts as cce:/internal/x/cc.
21:31:52 debug: Resolve ./Bird from file:///D:/ThanhPhong/FE02/Project-FrontEnd2/assets/Scripts/Game.ts as file:///D:/ThanhPhong/FE02/Project-FrontEnd2/assets/Scripts/Bird.ts.
21:31:52 debug: Resolve ./Scroll from file:///D:/ThanhPhong/FE02/Project-FrontEnd2/assets/Scripts/Game.ts as file:///D:/ThanhPhong/FE02/Project-FrontEnd2/assets/Scripts/Scroll.ts.
21:31:52 debug: Resolve cc from file:///D:/ThanhPhong/FE02/Project-FrontEnd2/assets/Scripts/Scroll.ts as cce:/internal/x/cc.
21:31:52 debug: Resolve cc from file:///D:/ThanhPhong/FE02/Project-FrontEnd2/assets/Scripts/Scroll.ts as cce:/internal/x/cc.
21:31:52 debug: Resolve cc from file:///D:/ThanhPhong/FE02/Project-FrontEnd2/assets/Scripts/Scroll.ts as cce:/internal/x/cc.
21:31:52 debug: Resolve ./PipePool from file:///D:/ThanhPhong/FE02/Project-FrontEnd2/assets/Scripts/Game.ts as file:///D:/ThanhPhong/FE02/Project-FrontEnd2/assets/Scripts/PipePool.ts.
21:31:52 debug: Resolve cc from file:///D:/ThanhPhong/FE02/Project-FrontEnd2/assets/Scripts/PipePool.ts as cce:/internal/x/cc.
21:31:52 debug: Resolve cc from file:///D:/ThanhPhong/FE02/Project-FrontEnd2/assets/Scripts/PipePool.ts as cce:/internal/x/cc.
21:31:52 debug: Resolve cc from file:///D:/ThanhPhong/FE02/Project-FrontEnd2/assets/Scripts/PipePool.ts as cce:/internal/x/cc.
21:31:52 debug: Resolve ./UI/FlashUI from file:///D:/ThanhPhong/FE02/Project-FrontEnd2/assets/Scripts/Game.ts as file:///D:/ThanhPhong/FE02/Project-FrontEnd2/assets/Scripts/UI/FlashUI.ts.
21:31:52 debug: Resolve cc from file:///D:/ThanhPhong/FE02/Project-FrontEnd2/assets/Scripts/UI/FlashUI.ts as cce:/internal/x/cc.
21:31:52 debug: Resolve cc from file:///D:/ThanhPhong/FE02/Project-FrontEnd2/assets/Scripts/UI/FlashUI.ts as cce:/internal/x/cc.
21:31:52 debug: Resolve cc from file:///D:/ThanhPhong/FE02/Project-FrontEnd2/assets/Scripts/UI/FlashUI.ts as cce:/internal/x/cc.
21:31:52 debug: Resolve ./SpriteAnimator from file:///D:/ThanhPhong/FE02/Project-FrontEnd2/assets/Scripts/Bird.ts as file:///D:/ThanhPhong/FE02/Project-FrontEnd2/assets/Scripts/SpriteAnimator.ts.
21:31:52 debug: Detected change: file:///D:/ThanhPhong/FE02/Project-FrontEnd2/assets/Scripts/SpriteAnimator.ts. Last mtime: Mon Jun 03 2024 00:38:43 GMT+0700 (Giờ Đông Dương)@c67ee871-5e65-456c-9cc2-27a9a39c95bd, Current mtime: Mon Jun 03 2024 21:29:47 GMT+0700 (Giờ Đông Dương)@c67ee871-5e65-456c-9cc2-27a9a39c95bd
21:31:52 debug: Inspect file:///D:/ThanhPhong/FE02/Project-FrontEnd2/assets/Scripts/SpriteAnimator.ts
21:31:52 debug: Resolve cc from file:///D:/ThanhPhong/FE02/Project-FrontEnd2/assets/Scripts/SpriteAnimator.ts as cce:/internal/x/cc.
21:31:52 debug: Resolve cc from file:///D:/ThanhPhong/FE02/Project-FrontEnd2/assets/Scripts/SpriteAnimator.ts as cce:/internal/x/cc.
21:31:52 debug: Resolve cc from file:///D:/ThanhPhong/FE02/Project-FrontEnd2/assets/Scripts/SpriteAnimator.ts as cce:/internal/x/cc.
21:31:52 debug: Resolve file:///D:/ThanhPhong/FE02/Project-FrontEnd2/assets/Scripts/BirdMenu.ts from cce:/internal/x/prerequisite-imports as file:///D:/ThanhPhong/FE02/Project-FrontEnd2/assets/Scripts/BirdMenu.ts.
21:31:52 debug: Resolve cc from file:///D:/ThanhPhong/FE02/Project-FrontEnd2/assets/Scripts/BirdMenu.ts as cce:/internal/x/cc.
21:31:52 debug: Resolve cc from file:///D:/ThanhPhong/FE02/Project-FrontEnd2/assets/Scripts/BirdMenu.ts as cce:/internal/x/cc.
21:31:52 debug: Resolve cc from file:///D:/ThanhPhong/FE02/Project-FrontEnd2/assets/Scripts/BirdMenu.ts as cce:/internal/x/cc.
21:31:52 debug: Resolve file:///D:/ThanhPhong/FE02/Project-FrontEnd2/assets/Scripts/ClariceCamera.ts from cce:/internal/x/prerequisite-imports as file:///D:/ThanhPhong/FE02/Project-FrontEnd2/assets/Scripts/ClariceCamera.ts.
21:31:52 debug: Resolve cc from file:///D:/ThanhPhong/FE02/Project-FrontEnd2/assets/Scripts/ClariceCamera.ts as cce:/internal/x/cc.
21:31:52 debug: Resolve cc from file:///D:/ThanhPhong/FE02/Project-FrontEnd2/assets/Scripts/ClariceCamera.ts as cce:/internal/x/cc.
21:31:52 debug: Resolve cc from file:///D:/ThanhPhong/FE02/Project-FrontEnd2/assets/Scripts/ClariceCamera.ts as cce:/internal/x/cc.
21:31:52 debug: Resolve file:///D:/ThanhPhong/FE02/Project-FrontEnd2/assets/Scripts/Game.ts from cce:/internal/x/prerequisite-imports as file:///D:/ThanhPhong/FE02/Project-FrontEnd2/assets/Scripts/Game.ts.
21:31:52 debug: Resolve file:///D:/ThanhPhong/FE02/Project-FrontEnd2/assets/Scripts/MainMenu.ts from cce:/internal/x/prerequisite-imports as file:///D:/ThanhPhong/FE02/Project-FrontEnd2/assets/Scripts/MainMenu.ts.
21:31:52 debug: Resolve cce:/internal/code-quality/cr.mjs from file:///D:/ThanhPhong/FE02/Project-FrontEnd2/assets/Scripts/MainMenu.ts as cce:/internal/code-quality/cr.mjs.
21:31:52 debug: Resolve cc from file:///D:/ThanhPhong/FE02/Project-FrontEnd2/assets/Scripts/MainMenu.ts as cce:/internal/x/cc.
21:31:52 debug: Resolve cc from file:///D:/ThanhPhong/FE02/Project-FrontEnd2/assets/Scripts/MainMenu.ts as cce:/internal/x/cc.
21:31:52 debug: Resolve cc from file:///D:/ThanhPhong/FE02/Project-FrontEnd2/assets/Scripts/MainMenu.ts as cce:/internal/x/cc.
21:31:52 debug: Resolve ./Android/AndroidNative from file:///D:/ThanhPhong/FE02/Project-FrontEnd2/assets/Scripts/MainMenu.ts as file:///D:/ThanhPhong/FE02/Project-FrontEnd2/assets/Scripts/Android/AndroidNative.ts.
21:31:52 debug: Resolve file:///D:/ThanhPhong/FE02/Project-FrontEnd2/assets/Scripts/PipePool.ts from cce:/internal/x/prerequisite-imports as file:///D:/ThanhPhong/FE02/Project-FrontEnd2/assets/Scripts/PipePool.ts.
21:31:52 debug: Resolve file:///D:/ThanhPhong/FE02/Project-FrontEnd2/assets/Scripts/Pipes.ts from cce:/internal/x/prerequisite-imports as file:///D:/ThanhPhong/FE02/Project-FrontEnd2/assets/Scripts/Pipes.ts.
21:31:52 debug: Resolve cce:/internal/code-quality/cr.mjs from file:///D:/ThanhPhong/FE02/Project-FrontEnd2/assets/Scripts/Pipes.ts as cce:/internal/code-quality/cr.mjs.
21:31:52 debug: Resolve cc from file:///D:/ThanhPhong/FE02/Project-FrontEnd2/assets/Scripts/Pipes.ts as cce:/internal/x/cc.
21:31:52 debug: Resolve cc from file:///D:/ThanhPhong/FE02/Project-FrontEnd2/assets/Scripts/Pipes.ts as cce:/internal/x/cc.
21:31:52 debug: Resolve cc from file:///D:/ThanhPhong/FE02/Project-FrontEnd2/assets/Scripts/Pipes.ts as cce:/internal/x/cc.
21:31:52 debug: Resolve ./Game from file:///D:/ThanhPhong/FE02/Project-FrontEnd2/assets/Scripts/Pipes.ts as file:///D:/ThanhPhong/FE02/Project-FrontEnd2/assets/Scripts/Game.ts.
21:31:52 debug: Resolve file:///D:/ThanhPhong/FE02/Project-FrontEnd2/assets/Scripts/Scroll.ts from cce:/internal/x/prerequisite-imports as file:///D:/ThanhPhong/FE02/Project-FrontEnd2/assets/Scripts/Scroll.ts.
21:31:52 debug: Resolve file:///D:/ThanhPhong/FE02/Project-FrontEnd2/assets/Scripts/SpriteAnimator.ts from cce:/internal/x/prerequisite-imports as file:///D:/ThanhPhong/FE02/Project-FrontEnd2/assets/Scripts/SpriteAnimator.ts.
21:31:52 debug: Resolve file:///D:/ThanhPhong/FE02/Project-FrontEnd2/assets/Scripts/TransitionScene.ts from cce:/internal/x/prerequisite-imports as file:///D:/ThanhPhong/FE02/Project-FrontEnd2/assets/Scripts/TransitionScene.ts.
21:31:52 debug: Detected change: file:///D:/ThanhPhong/FE02/Project-FrontEnd2/assets/Scripts/TransitionScene.ts. Last mtime: Mon Jun 03 2024 14:53:08 GMT+0700 (Giờ Đông Dương)@2bbc9b1c-7956-4707-a07f-bbd759ff96eb, Current mtime: Mon Jun 03 2024 21:31:10 GMT+0700 (Giờ Đông Dương)@2bbc9b1c-7956-4707-a07f-bbd759ff96eb
21:31:52 debug: Inspect file:///D:/ThanhPhong/FE02/Project-FrontEnd2/assets/Scripts/TransitionScene.ts
21:31:52 debug: Resolve cc from file:///D:/ThanhPhong/FE02/Project-FrontEnd2/assets/Scripts/TransitionScene.ts as cce:/internal/x/cc.
21:31:52 debug: Resolve cc from file:///D:/ThanhPhong/FE02/Project-FrontEnd2/assets/Scripts/TransitionScene.ts as cce:/internal/x/cc.
21:31:52 debug: Resolve cc from file:///D:/ThanhPhong/FE02/Project-FrontEnd2/assets/Scripts/TransitionScene.ts as cce:/internal/x/cc.
21:31:52 debug: Resolve file:///D:/ThanhPhong/FE02/Project-FrontEnd2/assets/Scripts/UI/EventSystem.ts from cce:/internal/x/prerequisite-imports as file:///D:/ThanhPhong/FE02/Project-FrontEnd2/assets/Scripts/UI/EventSystem.ts.
21:31:52 debug: Resolve cce:/internal/code-quality/cr.mjs from file:///D:/ThanhPhong/FE02/Project-FrontEnd2/assets/Scripts/UI/EventSystem.ts as cce:/internal/code-quality/cr.mjs.
21:31:52 debug: Resolve cc from file:///D:/ThanhPhong/FE02/Project-FrontEnd2/assets/Scripts/UI/EventSystem.ts as cce:/internal/x/cc.
21:31:52 debug: Resolve cc from file:///D:/ThanhPhong/FE02/Project-FrontEnd2/assets/Scripts/UI/EventSystem.ts as cce:/internal/x/cc.
21:31:52 debug: Resolve cc from file:///D:/ThanhPhong/FE02/Project-FrontEnd2/assets/Scripts/UI/EventSystem.ts as cce:/internal/x/cc.
21:31:52 debug: Resolve ./UISelectable from file:///D:/ThanhPhong/FE02/Project-FrontEnd2/assets/Scripts/UI/EventSystem.ts as file:///D:/ThanhPhong/FE02/Project-FrontEnd2/assets/Scripts/UI/UISelectable.ts.
21:31:52 debug: Resolve cce:/internal/code-quality/cr.mjs from file:///D:/ThanhPhong/FE02/Project-FrontEnd2/assets/Scripts/UI/UISelectable.ts as cce:/internal/code-quality/cr.mjs.
21:31:52 debug: Resolve cc from file:///D:/ThanhPhong/FE02/Project-FrontEnd2/assets/Scripts/UI/UISelectable.ts as cce:/internal/x/cc.
21:31:52 debug: Resolve cc from file:///D:/ThanhPhong/FE02/Project-FrontEnd2/assets/Scripts/UI/UISelectable.ts as cce:/internal/x/cc.
21:31:52 debug: Resolve cc from file:///D:/ThanhPhong/FE02/Project-FrontEnd2/assets/Scripts/UI/UISelectable.ts as cce:/internal/x/cc.
21:31:52 debug: Resolve cc from file:///D:/ThanhPhong/FE02/Project-FrontEnd2/assets/Scripts/UI/UISelectable.ts as cce:/internal/x/cc.
21:31:52 debug: Resolve ../Android/AndroidNative from file:///D:/ThanhPhong/FE02/Project-FrontEnd2/assets/Scripts/UI/UISelectable.ts as file:///D:/ThanhPhong/FE02/Project-FrontEnd2/assets/Scripts/Android/AndroidNative.ts.
21:31:52 debug: Resolve ./UIIndicator from file:///D:/ThanhPhong/FE02/Project-FrontEnd2/assets/Scripts/UI/EventSystem.ts as file:///D:/ThanhPhong/FE02/Project-FrontEnd2/assets/Scripts/UI/UIIndicator.ts.
21:31:52 debug: Resolve cce:/internal/code-quality/cr.mjs from file:///D:/ThanhPhong/FE02/Project-FrontEnd2/assets/Scripts/UI/UIIndicator.ts as cce:/internal/code-quality/cr.mjs.
21:31:52 debug: Resolve cc from file:///D:/ThanhPhong/FE02/Project-FrontEnd2/assets/Scripts/UI/UIIndicator.ts as cce:/internal/x/cc.
21:31:52 debug: Resolve cc from file:///D:/ThanhPhong/FE02/Project-FrontEnd2/assets/Scripts/UI/UIIndicator.ts as cce:/internal/x/cc.
21:31:52 debug: Resolve cc from file:///D:/ThanhPhong/FE02/Project-FrontEnd2/assets/Scripts/UI/UIIndicator.ts as cce:/internal/x/cc.
21:31:52 debug: Resolve file:///D:/ThanhPhong/FE02/Project-FrontEnd2/assets/Scripts/UI/FlashUI.ts from cce:/internal/x/prerequisite-imports as file:///D:/ThanhPhong/FE02/Project-FrontEnd2/assets/Scripts/UI/FlashUI.ts.
21:31:52 debug: Resolve file:///D:/ThanhPhong/FE02/Project-FrontEnd2/assets/Scripts/UI/UIIndicator.ts from cce:/internal/x/prerequisite-imports as file:///D:/ThanhPhong/FE02/Project-FrontEnd2/assets/Scripts/UI/UIIndicator.ts.
21:31:52 debug: Resolve file:///D:/ThanhPhong/FE02/Project-FrontEnd2/assets/Scripts/UI/UISelectable.ts from cce:/internal/x/prerequisite-imports as file:///D:/ThanhPhong/FE02/Project-FrontEnd2/assets/Scripts/UI/UISelectable.ts.
21:31:52 debug: Target(preview) ends with cost 434.1176999807358ms.
21:31:53 debug: Pulling asset-db.
21:31:54 debug: Fetch asset-db cost: 903.1101999878883ms.
21:31:54 debug: Build iteration starts.
Number of accumulated asset changes: 16
Feature changed: false
21:31:54 debug: Target(editor) build started.
21:31:54 debug: Detected change: cce:/internal/x/prerequisite-imports. Last mtime: Thu Jan 01 1970 08:00:11 GMT+0800 (Giờ Đông Dương), Current mtime: Thu Jan 01 1970 08:00:13 GMT+0800 (Giờ Đông Dương)
21:31:54 debug: Inspect cce:/internal/x/prerequisite-imports
21:31:54 debug: Resolve file:///C:/ProgramData/cocos/editors/Creator/3.8.3/resources/resources/3d/engine/editor/assets/tools/debug-view-runtime-control.ts from cce:/internal/x/prerequisite-imports as file:///C:/ProgramData/cocos/editors/Creator/3.8.3/resources/resources/3d/engine/editor/assets/tools/debug-view-runtime-control.ts.
21:31:54 debug: Resolve file:///D:/ThanhPhong/FE02/Project-FrontEnd2/assets/Scripts/Android/AndroidNative.ts from cce:/internal/x/prerequisite-imports as file:///D:/ThanhPhong/FE02/Project-FrontEnd2/assets/Scripts/Android/AndroidNative.ts.
21:31:54 debug: Resolve file:///D:/ThanhPhong/FE02/Project-FrontEnd2/assets/Scripts/Bird.ts from cce:/internal/x/prerequisite-imports as file:///D:/ThanhPhong/FE02/Project-FrontEnd2/assets/Scripts/Bird.ts.
21:31:54 debug: Resolve file:///D:/ThanhPhong/FE02/Project-FrontEnd2/assets/Scripts/BirdMenu.ts from cce:/internal/x/prerequisite-imports as file:///D:/ThanhPhong/FE02/Project-FrontEnd2/assets/Scripts/BirdMenu.ts.
21:31:54 debug: Resolve file:///D:/ThanhPhong/FE02/Project-FrontEnd2/assets/Scripts/ClariceCamera.ts from cce:/internal/x/prerequisite-imports as file:///D:/ThanhPhong/FE02/Project-FrontEnd2/assets/Scripts/ClariceCamera.ts.
21:31:54 debug: Resolve file:///D:/ThanhPhong/FE02/Project-FrontEnd2/assets/Scripts/Game.ts from cce:/internal/x/prerequisite-imports as file:///D:/ThanhPhong/FE02/Project-FrontEnd2/assets/Scripts/Game.ts.
21:31:54 debug: Resolve file:///D:/ThanhPhong/FE02/Project-FrontEnd2/assets/Scripts/MainMenu.ts from cce:/internal/x/prerequisite-imports as file:///D:/ThanhPhong/FE02/Project-FrontEnd2/assets/Scripts/MainMenu.ts.
21:31:54 debug: Resolve file:///D:/ThanhPhong/FE02/Project-FrontEnd2/assets/Scripts/PipePool.ts from cce:/internal/x/prerequisite-imports as file:///D:/ThanhPhong/FE02/Project-FrontEnd2/assets/Scripts/PipePool.ts.
21:31:54 debug: Resolve file:///D:/ThanhPhong/FE02/Project-FrontEnd2/assets/Scripts/Pipes.ts from cce:/internal/x/prerequisite-imports as file:///D:/ThanhPhong/FE02/Project-FrontEnd2/assets/Scripts/Pipes.ts.
21:31:54 debug: Resolve file:///D:/ThanhPhong/FE02/Project-FrontEnd2/assets/Scripts/Scroll.ts from cce:/internal/x/prerequisite-imports as file:///D:/ThanhPhong/FE02/Project-FrontEnd2/assets/Scripts/Scroll.ts.
21:31:54 debug: Resolve file:///D:/ThanhPhong/FE02/Project-FrontEnd2/assets/Scripts/SpriteAnimator.ts from cce:/internal/x/prerequisite-imports as file:///D:/ThanhPhong/FE02/Project-FrontEnd2/assets/Scripts/SpriteAnimator.ts.
21:31:54 debug: Resolve file:///D:/ThanhPhong/FE02/Project-FrontEnd2/assets/Scripts/TransitionScene.ts from cce:/internal/x/prerequisite-imports as file:///D:/ThanhPhong/FE02/Project-FrontEnd2/assets/Scripts/TransitionScene.ts.
21:31:54 debug: Resolve file:///D:/ThanhPhong/FE02/Project-FrontEnd2/assets/Scripts/UI/EventSystem.ts from cce:/internal/x/prerequisite-imports as file:///D:/ThanhPhong/FE02/Project-FrontEnd2/assets/Scripts/UI/EventSystem.ts.
21:31:54 debug: Resolve file:///D:/ThanhPhong/FE02/Project-FrontEnd2/assets/Scripts/UI/FlashUI.ts from cce:/internal/x/prerequisite-imports as file:///D:/ThanhPhong/FE02/Project-FrontEnd2/assets/Scripts/UI/FlashUI.ts.
21:31:54 debug: Resolve file:///D:/ThanhPhong/FE02/Project-FrontEnd2/assets/Scripts/UI/UIIndicator.ts from cce:/internal/x/prerequisite-imports as file:///D:/ThanhPhong/FE02/Project-FrontEnd2/assets/Scripts/UI/UIIndicator.ts.
21:31:54 debug: Resolve file:///D:/ThanhPhong/FE02/Project-FrontEnd2/assets/Scripts/UI/UISelectable.ts from cce:/internal/x/prerequisite-imports as file:///D:/ThanhPhong/FE02/Project-FrontEnd2/assets/Scripts/UI/UISelectable.ts.
21:31:54 debug: Target(editor) ends with cost 114.83039999008179ms.
21:31:54 debug: Target(preview) build started.
21:31:54 debug: Detected change: cce:/internal/x/prerequisite-imports. Last mtime: Thu Jan 01 1970 08:00:11 GMT+0800 (Giờ Đông Dương), Current mtime: Thu Jan 01 1970 08:00:13 GMT+0800 (Giờ Đông Dương)
21:31:54 debug: Inspect cce:/internal/x/prerequisite-imports
21:31:54 debug: Resolve file:///C:/ProgramData/cocos/editors/Creator/3.8.3/resources/resources/3d/engine/editor/assets/tools/debug-view-runtime-control.ts from cce:/internal/x/prerequisite-imports as file:///C:/ProgramData/cocos/editors/Creator/3.8.3/resources/resources/3d/engine/editor/assets/tools/debug-view-runtime-control.ts.
21:31:54 debug: Resolve file:///D:/ThanhPhong/FE02/Project-FrontEnd2/assets/Scripts/Android/AndroidNative.ts from cce:/internal/x/prerequisite-imports as file:///D:/ThanhPhong/FE02/Project-FrontEnd2/assets/Scripts/Android/AndroidNative.ts.
21:31:54 debug: Resolve file:///D:/ThanhPhong/FE02/Project-FrontEnd2/assets/Scripts/Bird.ts from cce:/internal/x/prerequisite-imports as file:///D:/ThanhPhong/FE02/Project-FrontEnd2/assets/Scripts/Bird.ts.
21:31:54 debug: Resolve file:///D:/ThanhPhong/FE02/Project-FrontEnd2/assets/Scripts/BirdMenu.ts from cce:/internal/x/prerequisite-imports as file:///D:/ThanhPhong/FE02/Project-FrontEnd2/assets/Scripts/BirdMenu.ts.
21:31:54 debug: Resolve file:///D:/ThanhPhong/FE02/Project-FrontEnd2/assets/Scripts/ClariceCamera.ts from cce:/internal/x/prerequisite-imports as file:///D:/ThanhPhong/FE02/Project-FrontEnd2/assets/Scripts/ClariceCamera.ts.
21:31:54 debug: Resolve file:///D:/ThanhPhong/FE02/Project-FrontEnd2/assets/Scripts/Game.ts from cce:/internal/x/prerequisite-imports as file:///D:/ThanhPhong/FE02/Project-FrontEnd2/assets/Scripts/Game.ts.
21:31:54 debug: Resolve file:///D:/ThanhPhong/FE02/Project-FrontEnd2/assets/Scripts/MainMenu.ts from cce:/internal/x/prerequisite-imports as file:///D:/ThanhPhong/FE02/Project-FrontEnd2/assets/Scripts/MainMenu.ts.
21:31:54 debug: Resolve file:///D:/ThanhPhong/FE02/Project-FrontEnd2/assets/Scripts/PipePool.ts from cce:/internal/x/prerequisite-imports as file:///D:/ThanhPhong/FE02/Project-FrontEnd2/assets/Scripts/PipePool.ts.
21:31:54 debug: Resolve file:///D:/ThanhPhong/FE02/Project-FrontEnd2/assets/Scripts/Pipes.ts from cce:/internal/x/prerequisite-imports as file:///D:/ThanhPhong/FE02/Project-FrontEnd2/assets/Scripts/Pipes.ts.
21:31:54 debug: Resolve file:///D:/ThanhPhong/FE02/Project-FrontEnd2/assets/Scripts/Scroll.ts from cce:/internal/x/prerequisite-imports as file:///D:/ThanhPhong/FE02/Project-FrontEnd2/assets/Scripts/Scroll.ts.
21:31:54 debug: Resolve file:///D:/ThanhPhong/FE02/Project-FrontEnd2/assets/Scripts/SpriteAnimator.ts from cce:/internal/x/prerequisite-imports as file:///D:/ThanhPhong/FE02/Project-FrontEnd2/assets/Scripts/SpriteAnimator.ts.
21:31:54 debug: Resolve file:///D:/ThanhPhong/FE02/Project-FrontEnd2/assets/Scripts/TransitionScene.ts from cce:/internal/x/prerequisite-imports as file:///D:/ThanhPhong/FE02/Project-FrontEnd2/assets/Scripts/TransitionScene.ts.
21:31:54 debug: Resolve file:///D:/ThanhPhong/FE02/Project-FrontEnd2/assets/Scripts/UI/EventSystem.ts from cce:/internal/x/prerequisite-imports as file:///D:/ThanhPhong/FE02/Project-FrontEnd2/assets/Scripts/UI/EventSystem.ts.
21:31:54 debug: Resolve file:///D:/ThanhPhong/FE02/Project-FrontEnd2/assets/Scripts/UI/FlashUI.ts from cce:/internal/x/prerequisite-imports as file:///D:/ThanhPhong/FE02/Project-FrontEnd2/assets/Scripts/UI/FlashUI.ts.
21:31:54 debug: Resolve file:///D:/ThanhPhong/FE02/Project-FrontEnd2/assets/Scripts/UI/UIIndicator.ts from cce:/internal/x/prerequisite-imports as file:///D:/ThanhPhong/FE02/Project-FrontEnd2/assets/Scripts/UI/UIIndicator.ts.
21:31:54 debug: Resolve file:///D:/ThanhPhong/FE02/Project-FrontEnd2/assets/Scripts/UI/UISelectable.ts from cce:/internal/x/prerequisite-imports as file:///D:/ThanhPhong/FE02/Project-FrontEnd2/assets/Scripts/UI/UISelectable.ts.
21:31:56 debug: Target(preview) ends with cost 1786.1459000110626ms.
